<?xml version="1.0" encoding="UTF-8"?>
<!-- Generated by org.testng.reporters.JUnitReportReporter -->
<testsuite skipped="0" hostname="NAVEED" name="com.apitesting.testcases.GetAPITest" tests="2" failures="0" timestamp="2019-10-01T23:06:52 IST" time="1.624" errors="0">
  <testcase name="getApiTestWithOutHeaders" time="1.377" classname="com.apitesting.testcases.GetAPITest"/>
  <testcase name="getApiTestWithHeader" time="0.247" classname="com.apitesting.testcases.GetAPITest"/>
</testsuite> <!-- com.apitesting.testcases.GetAPITest -->
