<?xml version="1.0" encoding="UTF-8"?>
<!-- Generated by org.testng.reporters.JUnitReportReporter -->
<testsuite skipped="0" hostname="NAVEED" name="com.apitesting.testcases.GetAPITest" tests="2" failures="0" timestamp="2019-10-05T15:17:43 IST" time="4.295" errors="0">
  <testcase name="getApiTestWithOutHeaders" time="3.670" classname="com.apitesting.testcases.GetAPITest"/>
  <testcase name="getApiTestWithHeader" time="0.625" classname="com.apitesting.testcases.GetAPITest"/>
</testsuite> <!-- com.apitesting.testcases.GetAPITest -->
