<?xml version="1.0" encoding="UTF-8"?>
<!-- Generated by org.testng.reporters.JUnitReportReporter -->
<testsuite skipped="0" hostname="NAVEED" name="com.apitesting.testcases.GetAPITestPost" tests="1" failures="0" timestamp="2019-10-05T15:25:46 IST" time="1.522" errors="0">
  <testcase name="getHttpPost" time="1.522" classname="com.apitesting.testcases.GetAPITestPost"/>
</testsuite> <!-- com.apitesting.testcases.GetAPITestPost -->
