<?xml version="1.0" encoding="UTF-8"?>
<!-- Generated by org.testng.reporters.JUnitReportReporter -->
<testsuite skipped="0" hostname="NAVEED" name="com.apitesting.testcases.GetAPITest" tests="1" failures="0" timestamp="2019-09-22T21:58:05 IST" time="1.399" errors="0">
  <testcase name="getApiTest" time="1.399" classname="com.apitesting.testcases.GetAPITest"/>
</testsuite> <!-- com.apitesting.testcases.GetAPITest -->
